2016/09/15 02:06:51 INFO  - jmeter.util.JMeterUtils: Setting Locale to pt_BR 
2016/09/15 02:06:51 INFO  - jmeter.JMeter: Loading user properties from: E:\Users\Ronaldo\Desktop\apache-jmeter-2.11\bin\user.properties 
2016/09/15 02:06:51 INFO  - jmeter.JMeter: Loading system properties from: E:\Users\Ronaldo\Desktop\apache-jmeter-2.11\bin\system.properties 
2016/09/15 02:06:51 INFO  - jmeter.JMeter: Copyright (c) 1998-2014 The Apache Software Foundation 
2016/09/15 02:06:51 INFO  - jmeter.JMeter: Version 2.11 r1554548 
2016/09/15 02:06:51 INFO  - jmeter.JMeter: java.version=1.8.0_91 
2016/09/15 02:06:51 INFO  - jmeter.JMeter: java.vm.name=Java HotSpot(TM) 64-Bit Server VM 
2016/09/15 02:06:51 INFO  - jmeter.JMeter: os.name=Windows 10 
2016/09/15 02:06:51 INFO  - jmeter.JMeter: os.arch=amd64 
2016/09/15 02:06:51 INFO  - jmeter.JMeter: os.version=10.0 
2016/09/15 02:06:51 INFO  - jmeter.JMeter: file.encoding=Cp1252 
2016/09/15 02:06:51 INFO  - jmeter.JMeter: Default Locale=português (Brasil) 
2016/09/15 02:06:51 INFO  - jmeter.JMeter: JMeter  Locale=português (Brasil) 
2016/09/15 02:06:51 INFO  - jmeter.JMeter: JMeterHome=E:\Users\Ronaldo\Desktop\apache-jmeter-2.11 
2016/09/15 02:06:51 INFO  - jmeter.JMeter: user.dir  =E:\Users\Ronaldo\Desktop\apache-jmeter-2.11\bin 
2016/09/15 02:06:51 INFO  - jmeter.JMeter: PWD       =E:\Users\Ronaldo\Desktop\apache-jmeter-2.11\bin 
2016/09/15 02:06:56 INFO  - jmeter.JMeter: IP: 192.168.56.1 Name: DESKTOP-2FP848M FullName: DESKTOP-2FP848M 
2016/09/15 02:06:56 INFO  - jmeter.JMeter: Loaded icon properties from org/apache/jmeter/images/icon.properties 
2016/09/15 02:06:58 INFO  - jmeter.engine.util.CompoundVariable: Note: Function class names must contain the string: '.functions.' 
2016/09/15 02:06:58 INFO  - jmeter.engine.util.CompoundVariable: Note: Function class names must not contain the string: '.gui.' 
2016/09/15 02:06:58 INFO  - jmeter.gui.action.LookAndFeelCommand: Using look and feel: javax.swing.plaf.metal.MetalLookAndFeel [Metal, CrossPlatform] 
2016/09/15 02:07:02 INFO  - org.jmeterplugins.repository.PluginManager: Plugins Status: [jpgc-graphs-basic=0.0.0-STOCK, jpgc-graphs-additional=0.0.0-STOCK, jpgc-autostop=0.0.0-STOCK, jpgc-sense=0.0.0-STOCK, jpgc-cmd=0.0.0-STOCK, jpgc-graphs-composite=0.0.0-STOCK, jpgc-csl=0.0.0-STOCK, jpgc-functions=0.0.0-STOCK, jpgc-dbmon=0.0.0-STOCK, jpgc-graphs-dist=0.0.0-STOCK, jpgc-dummy=0.0.0-STOCK, jmeter-ftp=2.11, jpgc-ffw=0.0.0-STOCK, jpgc-ggl=0.0.0-STOCK, jmeter-http=2.11, jpgc-httpraw=0.0.0-STOCK, jpgc-sts=0.0.0-STOCK, jpgc-fifo=0.0.0-STOCK, jmeter-jdbc=2.11, jmeter-jms=2.11, jpgc-jmxmon=0.0.0-STOCK, jmeter-monitors=2.11, jmeter-core=2.11, jmeter-junit=2.11, jmeter-java=2.11, jpgc-graphs-vs=0.0.0-STOCK, jmeter-ldap=2.11, jpgc-lockfile=0.0.0-STOCK, jmeter-mail=2.11, jpgc-mergeresults=0.0.0-STOCK, jmeter-mongodb=2.11, jmeter-native=2.11, jpgc-pde=0.0.0-STOCK, jpgc-prmctl=0.0.0-STOCK, jpgc-perfmon=0.0.0-STOCK, jpgc-plugins-manager=0.10, jpgc-synthesis=0.0.0-STOCK, jmeter-tcp=2.11, jpgc-plancheck=0.0.0-STOCK, jpgc-tst=0.0.0-STOCK, jpgc-udp=0.0.0-STOCK, jpgc-csvars=0.0.0-STOCK, jmeter-components=2.11, jpgc-xml=0.0.0-STOCK] 
2016/09/15 02:07:05 INFO  - jmeter.util.BSFTestElement: Registering JMeter version of JavaScript engine as work-round for BSF-22 
2016/09/15 02:07:05 INFO  - jmeter.protocol.http.sampler.HTTPSamplerBase: Cannot find .className property for htmlParser, using default 
2016/09/15 02:07:05 INFO  - jmeter.protocol.http.sampler.HTTPSamplerBase: Parser for text/html is  
2016/09/15 02:07:05 INFO  - jmeter.protocol.http.sampler.HTTPSamplerBase: Parser for application/xhtml+xml is  
2016/09/15 02:07:05 INFO  - jmeter.protocol.http.sampler.HTTPSamplerBase: Parser for application/xml is  
2016/09/15 02:07:05 INFO  - jmeter.protocol.http.sampler.HTTPSamplerBase: Parser for text/xml is  
2016/09/15 02:07:05 INFO  - jmeter.protocol.http.sampler.HTTPSamplerBase: Parser for text/vnd.wap.wml is org.apache.jmeter.protocol.http.parser.RegexpHTMLParser 
2016/09/15 02:07:06 INFO  - jmeter.gui.util.MenuFactory: Skipping org.apache.jmeter.protocol.http.control.gui.WebServiceSamplerGui 
2016/09/15 02:07:06 INFO  - jmeter.gui.util.MenuFactory: Skipping org.apache.jmeter.protocol.http.modifier.gui.ParamModifierGui 
2016/09/15 02:07:07 INFO  - jorphan.exec.KeyToolUtils: keytool found at 'keytool' 
2016/09/15 02:07:07 INFO  - jmeter.protocol.http.proxy.ProxyControl: HTTP(S) Test Script Recorder SSL Proxy will use keys that support embedded 3rd party resources in file E:\Users\Ronaldo\Desktop\apache-jmeter-2.11\bin\proxyserver.jks 
2016/09/15 02:07:08 INFO  - jmeter.samplers.SampleResult: Note: Sample TimeStamps are START times 
2016/09/15 02:07:08 INFO  - jmeter.samplers.SampleResult: sampleresult.default.encoding is set to ISO-8859-1 
2016/09/15 02:07:08 INFO  - jmeter.samplers.SampleResult: sampleresult.useNanoTime=true 
2016/09/15 02:07:08 INFO  - jmeter.samplers.SampleResult: sampleresult.nanoThreadSleep=5000 
2016/09/15 02:07:25 INFO  - jmeter.util.JMeterUtils: Setting Locale to en 
